Build started 23/02/2012 16:38:52.
     1>Project "C:\Users\lolitarx\Documents\Visual Studio 2010\Projects\network_windows\network_windows\network_windows.vcxproj" on node 2 (build target(s)).
     1>InitializeBuildStatus:
         Touching "Debug\license_plate_server.unsuccessfulbuild".
       ClCompile:
         C:\Program Files (x86)\Microsoft Visual Studio 10.0\VC\bin\CL.exe /c /ZI /nologo /W3 /WX- /Od /Oy- /D _MBCS /Gm /EHsc /RTC1 /MDd /GS /fp:precise /Zc:wchar_t /Zc:forScope /Fo"Debug\\" /Fd"Debug\vc100.pdb" /Gd /TP /analyze- /errorReport:prompt server.cpp
         server.cpp
     1>c:\users\lolitarx\documents\visual studio 2010\projects\network_windows\network_windows\server.cpp(83): warning C4996: 'fopen': This function or variable may be unsafe. Consider using fopen_s instead. To disable deprecation, use _CRT_SECURE_NO_WARNINGS. See online help for details.
                 c:\program files (x86)\microsoft visual studio 10.0\vc\include\stdio.h(234) : see declaration of 'fopen'
       Link:
         C:\Program Files (x86)\Microsoft Visual Studio 10.0\VC\bin\link.exe /ERRORREPORT:PROMPT /OUT:"C:\Users\lolitarx\Documents\Visual Studio 2010\Projects\network_windows\Debug\license_plate_server.exe" /NOLOGO ws2_32.lib "xerces-c_3D.lib" "xerces-c_static_3D.lib" Mswsock.lib kernel32.lib user32.lib gdi32.lib winspool.lib comdlg32.lib advapi32.lib shell32.lib ole32.lib oleaut32.lib uuid.lib odbc32.lib odbccp32.lib /MANIFEST /ManifestFile:"Debug\license_plate_server.exe.intermediate.manifest" /MANIFESTUAC:"level='asInvoker' uiAccess='false'" /DEBUG /PDB:"C:\Users\lolitarx\Documents\Visual Studio 2010\Projects\network_windows\Debug\license_plate_server.pdb" /TLBID:1 /DYNAMICBASE /NXCOMPAT /IMPLIB:"C:\Users\lolitarx\Documents\Visual Studio 2010\Projects\network_windows\Debug\license_plate_server.lib" /MACHINE:X86 Debug\clientInfos.obj
         Debug\main.obj
         Debug\network.obj
         Debug\server.obj
         LINK : C:\Users\lolitarx\Documents\Visual Studio 2010\Projects\network_windows\Debug\license_plate_server.exe not found or not built by the last incremental link; performing full link
         network_windows.vcxproj -> C:\Users\lolitarx\Documents\Visual Studio 2010\Projects\network_windows\Debug\license_plate_server.exe
       Manifest:
         C:\Program Files (x86)\Microsoft SDKs\Windows\v7.0A\bin\mt.exe /nologo /verbose /outputresource:"C:\Users\lolitarx\Documents\Visual Studio 2010\Projects\network_windows\Debug\license_plate_server.exe;#1" /manifest Debug\license_plate_server.exe.intermediate.manifest
       FinalizeBuildStatus:
         Deleting file "Debug\license_plate_server.unsuccessfulbuild".
         Touching "Debug\license_plate_server.lastbuildstate".
     1>Done Building Project "C:\Users\lolitarx\Documents\Visual Studio 2010\Projects\network_windows\network_windows\network_windows.vcxproj" (build target(s)).

Build succeeded.

Time Elapsed 00:00:05.05
